
Showing logs for build [32mcb-kubecd-environment-pr-205-33-4xqhn-1[0m stage [32mfrom-build-pack[0m and container [32mstep-credential-initializer-xfjqb[0m
{"level":"info","ts":1587235388.879188,"logger":"fallback-logger","caller":"logging/config.go:69","msg":"Fetch GitHub commit ID from kodata failed: open /var/run/ko/refs/heads/0.8.0-ns-support: no such file or directory"}
{"level":"info","ts":1587235388.879766,"logger":"fallback-logger","caller":"creds-init/main.go:40","msg":"Credentials initialized."}

Showing logs for build [32mcb-kubecd-environment-pr-205-33-4xqhn-1[0m stage [32mfrom-build-pack[0m and container [32mstep-working-dir-initializer-vcz22[0m
{"level":"info","ts":1587235390.2589655,"logger":"fallback-logger","caller":"logging/config.go:69","msg":"Fetch GitHub commit ID from kodata failed: open /var/run/ko/HEAD: no such file or directory"}
{"level":"info","ts":1587235390.2613206,"logger":"fallback-logger","caller":"bash/main.go:64","msg":"Successfully executed command \"sh -c mkdir -p /workspace/source\"; output "}

Showing logs for build [32mcb-kubecd-environment-pr-205-33-4xqhn-1[0m stage [32mfrom-build-pack[0m and container [32mstep-place-tools[0m

Showing logs for build [32mcb-kubecd-environment-pr-205-33-4xqhn-1[0m stage [32mfrom-build-pack[0m and container [32mstep-git-source-cb-kubecd-environment-pr-205-33-4xqhn-g7qjd[0m
{"level":"info","ts":1587235394.3376234,"logger":"fallback-logger","caller":"logging/config.go:69","msg":"Fetch GitHub commit ID from kodata failed: open /var/run/ko/refs/heads/0.8.0-ns-support: no such file or directory"}
{"level":"info","ts":1587235395.349124,"logger":"fallback-logger","caller":"git/git.go:103","msg":"Successfully cloned https://github.com/cb-kubecd/environment-pr-205-33-boot-gke-production.git @ master in path /workspace/source"}

Showing logs for build [32mcb-kubecd-environment-pr-205-33-4xqhn-1[0m stage [32mfrom-build-pack[0m and container [32mstep-git-merge[0m
Using SHAs from PULL_REFS=master:9999ddb087a2b9ec49afc26de7d10e989e94eca2,1:b8cb8cd320cb1a8b4aceb866a8f3b23b9771bbd7
DEBUG: LC_ALL=C JX_LOG_LEVEL=error git fetch origin --unshallow b8cb8cd320cb1a8b4aceb866a8f3b23b9771bbd7: 9999ddb087a2b9ec49afc26de7d10e989e94eca2:
DEBUG: ran git fetch --unshallow origin b8cb8cd320cb1a8b4aceb866a8f3b23b9771bbd7: 9999ddb087a2b9ec49afc26de7d10e989e94eca2: in 
DEBUG: LC_ALL=C JX_LOG_LEVEL=error git branch
DEBUG: JX_LOG_LEVEL=error LC_ALL=C git checkout master
DEBUG: ran git checkout master in 
DEBUG: LC_ALL=C JX_LOG_LEVEL=error git reset --hard 9999ddb087a2b9ec49afc26de7d10e989e94eca2
DEBUG: ran git reset --hard 9999ddb087a2b9ec49afc26de7d10e989e94eca2 in 
DEBUG: LC_ALL=C JX_LOG_LEVEL=error git clean -fd .
DEBUG: ran clean --force -d . in 
DEBUG: LC_ALL=C JX_LOG_LEVEL=error git merge b8cb8cd320cb1a8b4aceb866a8f3b23b9771bbd7
DEBUG: ran git merge b8cb8cd320cb1a8b4aceb866a8f3b23b9771bbd7 in 
DEBUG: LC_ALL=C JX_LOG_LEVEL=error git log --format=%H%x1f%an%x1f%ae%x1f%cn%x1f%ce%x1f%s%n%b%x1e 9999ddb087a2b9ec49afc26de7d10e989e94eca2..HEAD
Merged SHA b8cb8cd320cb1a8b4aceb866a8f3b23b9771bbd7 with commit message 'chore: Promote bdd-spring-1587234515 to version 0.0.1' into base branch master

Showing logs for build [32mcb-kubecd-environment-pr-205-33-4xqhn-1[0m stage [32mfrom-build-pack[0m and container [32mstep-build-helm-build[0m
WARNING: No $CHART_REPOSITORY defined so using the default value of: http://jenkins-x-chartmuseum:8080
Adding missing Helm repo: storage.googleapis.com https://storage.googleapis.com/chartmuseum.jenkins-x.io
WARNING: No secrets found on "helm/repos" due: reading the secret "helm/repos" from vault: no secret "helm/repos" not found in vault
Read credentials for https://storage.googleapis.com/chartmuseum.jenkins-x.io from vault helm/repos
Successfully added Helm repository storage.googleapis.com.
Adding missing Helm repo: jenkins-x-chartmuseum http://jenkins-x-chartmuseum:8080
WARNING: No secrets found on "helm/repos" due: reading the secret "helm/repos" from vault: no secret "helm/repos" not found in vault
Read credentials for http://jenkins-x-chartmuseum:8080 from vault helm/repos
Successfully added Helm repository jenkins-x-chartmuseum.
WARNING: No $CHART_REPOSITORY defined so using the default value of: http://jenkins-x-chartmuseum:8080
Adding missing Helm repo: chartmuseum.jenkins-x.io http://chartmuseum.jenkins-x.io
WARNING: No secrets found on "helm/repos" due: reading the secret "helm/repos" from vault: no secret "helm/repos" not found in vault
Read credentials for http://chartmuseum.jenkins-x.io from vault helm/repos
Successfully added Helm repository chartmuseum.jenkins-x.io.
